# JRE version: OpenJDK Runtime Environment (21.0.6) (build 21.0.6+-13355223-b631.42)
# Java VM: OpenJDK 64-Bit Server VM (21.0.6+-13355223-b631.42, mixed mode, tiered, compressed oops, compressed class ptrs, g1 gc, windows-amd64)
GC Precious Log:
 CardTable entry size: 512
 Card Set container configuration: InlinePtr #cards 4 size 8 Array Of Cards #cards 32 size 80 Howl #buckets 8 coarsen threshold 7372 Howl Bitmap #cards 1024 size 144 coarsen threshold 921 Card regions per heap region 1 cards per card region 8192
 CPUs: 12 total, 12 available
 Memory: 15557M
 Large Page Support: Disabled
 NUMA Support: Disabled
 Compressed Oops: Enabled (Zero based)
 Heap Region Size: 4M
 Heap Min Capacity: 8M
 Heap Initial Capacity: 244M
 Heap Max Capacity: 8G
 Pre-touch: Disabled
 Parallel Workers: 10
 Concurrent Workers: 3
 Concurrent Refinement Workers: 10
 Periodic GC: Disabled
Heap:
 garbage-first heap   total 98304K, used 60907K [0x0000000600000000, 0x0000000800000000)
  region size 4096K, 3 young (12288K), 1 survivors (4096K)
 Metaspace       used 73730K, committed 75584K, reserved 1114112K
  class space    used 10154K, committed 11072K, reserved 1048576K
GC Heap History (20 events):
Event: 10.022 GC heap before
{Heap before GC invocations=9 (full 0):
 garbage-first heap   total 98304K, used 75682K [0x0000000600000000, 0x0000000800000000)
  region size 4096K, 14 young (57344K), 1 survivors (4096K)
 Metaspace       used 44971K, committed 46208K, reserved 1114112K
  class space    used 5950K, committed 6592K, reserved 1048576K
}
Event: 10.028 GC heap after
{Heap after GC invocations=10 (full 0):
 garbage-first heap   total 98304K, used 31366K [0x0000000600000000, 0x0000000800000000)
  region size 4096K, 2 young (8192K), 2 survivors (8192K)
 Metaspace       used 44971K, committed 46208K, reserved 1114112K
  class space    used 5950K, committed 6592K, reserved 1048576K
}
Event: 11.073 GC heap before
{Heap before GC invocations=10 (full 0):
 garbage-first heap   total 98304K, used 80518K [0x0000000600000000, 0x0000000800000000)
  region size 4096K, 14 young (57344K), 2 survivors (8192K)
 Metaspace       used 46591K, committed 47808K, reserved 1114112K
  class space    used 6172K, committed 6784K, reserved 1048576K
}
Event: 11.079 GC heap after
{Heap after GC invocations=11 (full 0):
 garbage-first heap   total 98304K, used 32601K [0x0000000600000000, 0x0000000800000000)
  region size 4096K, 1 young (4096K), 1 survivors (4096K)
 Metaspace       used 46591K, committed 47808K, reserved 1114112K
  class space    used 6172K, committed 6784K, reserved 1048576K
}
Event: 12.910 GC heap before
{Heap before GC invocations=11 (full 0):
 garbage-first heap   total 98304K, used 77657K [0x0000000600000000, 0x0000000800000000)
  region size 4096K, 12 young (49152K), 1 survivors (4096K)
 Metaspace       used 51091K, committed 52544K, reserved 1114112K
  class space    used 6918K, committed 7616K, reserved 1048576K
}
Event: 12.915 GC heap after
{Heap after GC invocations=12 (full 0):
 garbage-first heap   total 98304K, used 34195K [0x0000000600000000, 0x0000000800000000)
  region size 4096K, 2 young (8192K), 2 survivors (8192K)
 Metaspace       used 51091K, committed 52544K, reserved 1114112K
  class space    used 6918K, committed 7616K, reserved 1048576K
}
Event: 13.468 GC heap before
{Heap before GC invocations=12 (full 0):
 garbage-first heap   total 98304K, used 75155K [0x0000000600000000, 0x0000000800000000)
  region size 4096K, 12 young (49152K), 2 survivors (8192K)
 Metaspace       used 55166K, committed 56704K, reserved 1114112K
  class space    used 7500K, committed 8256K, reserved 1048576K
}
Event: 13.471 GC heap after
{Heap after GC invocations=13 (full 0):
 garbage-first heap   total 98304K, used 35766K [0x0000000600000000, 0x0000000800000000)
  region size 4096K, 2 young (8192K), 2 survivors (8192K)
 Metaspace       used 55166K, committed 56704K, reserved 1114112K
  class space    used 7500K, committed 8256K, reserved 1048576K
}
Event: 14.426 GC heap before
{Heap before GC invocations=13 (full 0):
 garbage-first heap   total 98304K, used 72630K [0x0000000600000000, 0x0000000800000000)
  region size 4096K, 12 young (49152K), 2 survivors (8192K)
 Metaspace       used 59016K, committed 60608K, reserved 1114112K
  class space    used 8076K, committed 8896K, reserved 1048576K
}
Event: 14.430 GC heap after
{Heap after GC invocations=14 (full 0):
 garbage-first heap   total 98304K, used 39346K [0x0000000600000000, 0x0000000800000000)
  region size 4096K, 2 young (8192K), 2 survivors (8192K)
 Metaspace       used 59016K, committed 60608K, reserved 1114112K
  class space    used 8076K, committed 8896K, reserved 1048576K
}
Event: 14.787 GC heap before
{Heap before GC invocations=15 (full 0):
 garbage-first heap   total 98304K, used 76210K [0x0000000600000000, 0x0000000800000000)
  region size 4096K, 12 young (49152K), 2 survivors (8192K)
 Metaspace       used 60113K, committed 61760K, reserved 1114112K
  class space    used 8234K, committed 9024K, reserved 1048576K
}
Event: 14.791 GC heap after
{Heap after GC invocations=16 (full 0):
 garbage-first heap   total 98304K, used 43025K [0x0000000600000000, 0x0000000800000000)
  region size 4096K, 2 young (8192K), 2 survivors (8192K)
 Metaspace       used 60113K, committed 61760K, reserved 1114112K
  class space    used 8234K, committed 9024K, reserved 1048576K
}
Event: 16.064 GC heap before
{Heap before GC invocations=16 (full 0):
 garbage-first heap   total 98304K, used 79889K [0x0000000600000000, 0x0000000800000000)
  region size 4096K, 11 young (45056K), 2 survivors (8192K)
 Metaspace       used 63414K, committed 65152K, reserved 1114112K
  class space    used 8806K, committed 9664K, reserved 1048576K
}
Event: 16.067 GC heap after
{Heap after GC invocations=17 (full 0):
 garbage-first heap   total 98304K, used 44043K [0x0000000600000000, 0x0000000800000000)
  region size 4096K, 2 young (8192K), 2 survivors (8192K)
 Metaspace       used 63414K, committed 65152K, reserved 1114112K
  class space    used 8806K, committed 9664K, reserved 1048576K
}
Event: 16.754 GC heap before
{Heap before GC invocations=17 (full 0):
 garbage-first heap   total 98304K, used 64523K [0x0000000600000000, 0x0000000800000000)
  region size 4096K, 9 young (36864K), 2 survivors (8192K)
 Metaspace       used 66931K, committed 68736K, reserved 1114112K
  class space    used 9268K, committed 10176K, reserved 1048576K
}
Event: 16.757 GC heap after
{Heap after GC invocations=18 (full 0):
 garbage-first heap   total 98304K, used 45229K [0x0000000600000000, 0x0000000800000000)
  region size 4096K, 1 young (4096K), 1 survivors (4096K)
 Metaspace       used 66931K, committed 68736K, reserved 1114112K
  class space    used 9268K, committed 10176K, reserved 1048576K
}
Event: 17.449 GC heap before
{Heap before GC invocations=19 (full 0):
 garbage-first heap   total 98304K, used 90285K [0x0000000600000000, 0x0000000800000000)
  region size 4096K, 10 young (40960K), 1 survivors (4096K)
 Metaspace       used 70684K, committed 72512K, reserved 1114112K
  class space    used 9780K, committed 10688K, reserved 1048576K
}
Event: 17.452 GC heap after
{Heap after GC invocations=20 (full 0):
 garbage-first heap   total 98304K, used 55076K [0x0000000600000000, 0x0000000800000000)
  region size 4096K, 1 young (4096K), 1 survivors (4096K)
 Metaspace       used 70684K, committed 72512K, reserved 1114112K
  class space    used 9780K, committed 10688K, reserved 1048576K
}
Event: 17.846 GC heap before
{Heap before GC invocations=20 (full 0):
 garbage-first heap   total 98304K, used 83748K [0x0000000600000000, 0x0000000800000000)
  region size 4096K, 8 young (32768K), 1 survivors (4096K)
 Metaspace       used 73222K, committed 75072K, reserved 1114112K
  class space    used 10092K, committed 11008K, reserved 1048576K
}
Event: 17.850 GC heap after
{Heap after GC invocations=21 (full 0):
 garbage-first heap   total 98304K, used 56811K [0x0000000600000000, 0x0000000800000000)
  region size 4096K, 1 young (4096K), 1 survivors (4096K)
 Metaspace       used 73222K, committed 75072K, reserved 1114112K
  class space    used 10092K, committed 11008K, reserved 1048576K
}

